  threeDModel.cpp
C:\Users\felix\OneDrive\graphics\teacups2\3dStruct\threeDModel.cpp(728,19): warning C4267: '+=': conversion from 'size_t' to 'unsigned int', possible loss of data
  Box.cpp
  ImageLoading.cpp
  OBJLoader.cpp
C:\Users\felix\OneDrive\graphics\teacups2\Obj\OBJLoader.cpp(177,19): warning C4477: 'sscanf_s' : format string '%s' requires an argument of type 'unsigned int', but variadic argument 2 has type 'unsigned __int64'
      C:\Users\felix\OneDrive\graphics\teacups2\Obj\OBJLoader.cpp(177,19):
      this argument is used as a buffer size
  
C:\Users\felix\OneDrive\graphics\teacups2\Obj\OBJLoader.cpp(270,19): warning C4477: 'sscanf_s' : format string '%s' requires an argument of type 'unsigned int', but variadic argument 2 has type 'unsigned __int64'
      C:\Users\felix\OneDrive\graphics\teacups2\Obj\OBJLoader.cpp(270,19):
      this argument is used as a buffer size
  
C:\Users\felix\OneDrive\graphics\teacups2\Obj\OBJLoader.cpp(412,19): warning C4477: 'sscanf_s' : format string '%s' requires an argument of type 'unsigned int', but variadic argument 2 has type 'unsigned __int64'
      C:\Users\felix\OneDrive\graphics\teacups2\Obj\OBJLoader.cpp(412,19):
      this argument is used as a buffer size
  
C:\Users\felix\OneDrive\graphics\teacups2\Obj\OBJLoader.cpp(412,19): warning C4477: 'sscanf_s' : format string '%s' requires an argument of type 'unsigned int', but variadic argument 4 has type 'unsigned __int64'
      C:\Users\felix\OneDrive\graphics\teacups2\Obj\OBJLoader.cpp(412,19):
      this argument is used as a buffer size
  
C:\Users\felix\OneDrive\graphics\teacups2\Obj\OBJLoader.cpp(423,19): warning C4477: 'sscanf_s' : format string '%s' requires an argument of type 'unsigned int', but variadic argument 2 has type 'unsigned __int64'
      C:\Users\felix\OneDrive\graphics\teacups2\Obj\OBJLoader.cpp(423,19):
      this argument is used as a buffer size
  
C:\Users\felix\OneDrive\graphics\teacups2\Obj\OBJLoader.cpp(423,19): warning C4477: 'sscanf_s' : format string '%s' requires an argument of type 'unsigned int', but variadic argument 4 has type 'unsigned __int64'
      C:\Users\felix\OneDrive\graphics\teacups2\Obj\OBJLoader.cpp(423,19):
      this argument is used as a buffer size
  
  Octree.cpp
C:\Users\felix\OneDrive\graphics\teacups2\Octree\Octree.cpp(551,86): warning C4244: 'argument': conversion from 'double' to 'float', possible loss of data
C:\Users\felix\OneDrive\graphics\teacups2\Octree\Octree.cpp(551,77): warning C4244: 'argument': conversion from 'double' to 'float', possible loss of data
C:\Users\felix\OneDrive\graphics\teacups2\Octree\Octree.cpp(551,68): warning C4244: 'argument': conversion from 'double' to 'float', possible loss of data
C:\Users\felix\OneDrive\graphics\teacups2\Octree\Octree.cpp(551,59): warning C4244: 'argument': conversion from 'double' to 'float', possible loss of data
C:\Users\felix\OneDrive\graphics\teacups2\Octree\Octree.cpp(551,50): warning C4244: 'argument': conversion from 'double' to 'float', possible loss of data
C:\Users\felix\OneDrive\graphics\teacups2\Octree\Octree.cpp(551,41): warning C4244: 'argument': conversion from 'double' to 'float', possible loss of data
  main.cpp
  Shader.cpp
  Vector3d.cpp
  TextureHandler.cpp
  IntersectionTests.cpp
  Generating Code...
  Freeglutexample.vcxproj -> C:\Users\felix\OneDrive\graphics\teacups2\x64\Debug\Freeglutexample.exe
